<?xml version="1.0" encoding="UTF-8"?>
<testsuite name="com.ime.vnkeyboard.TelexEngineTest" tests="9" skipped="0" failures="0" errors="0" timestamp="2026-08-06T10:28:43" hostname="Mark" time="0.037">
  <properties/>
  <testcase name="chao_huyen" classname="com.ime.vnkeyboard.TelexEngineTest" time="0.035"/>
  <testcase name="tone_without_vowel_stays_literal" classname="com.ime.vnkeyboard.TelexEngineTest" time="0.001"/>
  <testcase name="replace_existing_tone" classname="com.ime.vnkeyboard.TelexEngineTest" time="0.0"/>
  <testcase name="diacritics" classname="com.ime.vnkeyboard.TelexEngineTest" time="0.0"/>
  <testcase name="prefer_marked_vowel_for_tone" classname="com.ime.vnkeyboard.TelexEngineTest" time="0.0"/>
  <testcase name="remove_tone_with_z" classname="com.ime.vnkeyboard.TelexEngineTest" time="0.0"/>
  <testcase name="tones" classname="com.ime.vnkeyboard.TelexEngineTest" time="0.0"/>
  <testcase name="preserve_case" classname="com.ime.vnkeyboard.TelexEngineTest" time="0.0"/>
  <testcase name="incomplete_stays_literal" classname="com.ime.vnkeyboard.TelexEngineTest" time="0.0"/>
  <system-out><![CDATA[]]></system-out>
  <system-err><![CDATA[]]></system-err>
</testsuite>
